{"/Users/lunar/Sites/react-native-secure/health-log-app/src/services/EncryptionService.ts": {"path":"/Users/lunar/Sites/react-native-secure/health-log-app/src/services/EncryptionService.ts","statementMap":{"0":{"start":{"line":1,"column":0},"end":{"line":1,"column":33}},"1":{"start":{"line":20,"column":38},"end":{"line":20,"column":43}},"2":{"start":{"line":21,"column":37},"end":{"line":21,"column":40}},"3":{"start":{"line":22,"column":36},"end":{"line":22,"column":38}},"4":{"start":{"line":31,"column":4},"end":{"line":54,"column":5}},"5":{"start":{"line":32,"column":6},"end":{"line":38,"column":7}},"6":{"start":{"line":33,"column":8},"end":{"line":37,"column":10}},"7":{"start":{"line":41,"column":24},"end":{"line":41,"column":55}},"8":{"start":{"line":42,"column":28},"end":{"line":42,"column":48}},"9":{"start":{"line":44,"column":6},"end":{"line":47,"column":8}},"10":{"start":{"line":49,"column":6},"end":{"line":53,"column":8}},"11":{"start":{"line":64,"column":4},"end":{"line":95,"column":5}},"12":{"start":{"line":65,"column":6},"end":{"line":71,"column":7}},"13":{"start":{"line":66,"column":8},"end":{"line":70,"column":10}},"14":{"start":{"line":74,"column":24},"end":{"line":74,"column":64}},"15":{"start":{"line":75,"column":28},"end":{"line":75,"column":65}},"16":{"start":{"line":77,"column":6},"end":{"line":83,"column":7}},"17":{"start":{"line":78,"column":8},"end":{"line":82,"column":10}},"18":{"start":{"line":85,"column":6},"end":{"line":88,"column":8}},"19":{"start":{"line":90,"column":6},"end":{"line":94,"column":8}},"20":{"start":{"line":103,"column":4},"end":{"line":103,"column":90}},"21":{"start":{"line":114,"column":4},"end":{"line":117,"column":37}},"22":{"start":{"line":125,"column":4},"end":{"line":133,"column":5}},"23":{"start":{"line":127,"column":6},"end":{"line":127,"column":16}},"24":{"start":{"line":128,"column":11},"end":{"line":133,"column":5}},"25":{"start":{"line":130,"column":6},"end":{"line":132,"column":9}},"26":{"start":{"line":131,"column":8},"end":{"line":131,"column":25}},"27":{"start":{"line":19,"column":0},"end":{"line":19,"column":13}}},"fnMap":{"0":{"name":"(anonymous_1)","decl":{"start":{"line":30,"column":2},"end":{"line":30,"column":8}},"loc":{"start":{"line":30,"column":42},"end":{"line":55,"column":3}}},"1":{"name":"(anonymous_2)","decl":{"start":{"line":63,"column":2},"end":{"line":63,"column":8}},"loc":{"start":{"line":63,"column":51},"end":{"line":96,"column":3}}},"2":{"name":"(anonymous_3)","decl":{"start":{"line":102,"column":2},"end":{"line":102,"column":8}},"loc":{"start":{"line":102,"column":20},"end":{"line":104,"column":3}}},"3":{"name":"(anonymous_4)","decl":{"start":{"line":113,"column":2},"end":{"line":113,"column":8}},"loc":{"start":{"line":113,"column":77},"end":{"line":118,"column":3}}},"4":{"name":"(anonymous_5)","decl":{"start":{"line":124,"column":2},"end":{"line":124,"column":8}},"loc":{"start":{"line":124,"column":37},"end":{"line":134,"column":3}}},"5":{"name":"(anonymous_6)","decl":{"start":{"line":130,"column":32},"end":{"line":130,"column":35}},"loc":{"start":{"line":130,"column":38},"end":{"line":132,"column":7}}}},"branchMap":{"0":{"loc":{"start":{"line":32,"column":6},"end":{"line":38,"column":7}},"type":"if","locations":[{"start":{"line":32,"column":6},"end":{"line":38,"column":7}},{"start":{},"end":{}}]},"1":{"loc":{"start":{"line":32,"column":10},"end":{"line":32,"column":23}},"type":"binary-expr","locations":[{"start":{"line":32,"column":10},"end":{"line":32,"column":15}},{"start":{"line":32,"column":19},"end":{"line":32,"column":23}}]},"2":{"loc":{"start":{"line":52,"column":37},"end":{"line":52,"column":93}},"type":"cond-expr","locations":[{"start":{"line":52,"column":62},"end":{"line":52,"column":75}},{"start":{"line":52,"column":78},"end":{"line":52,"column":93}}]},"3":{"loc":{"start":{"line":65,"column":6},"end":{"line":71,"column":7}},"type":"if","locations":[{"start":{"line":65,"column":6},"end":{"line":71,"column":7}},{"start":{},"end":{}}]},"4":{"loc":{"start":{"line":65,"column":10},"end":{"line":65,"column":32}},"type":"binary-expr","locations":[{"start":{"line":65,"column":10},"end":{"line":65,"column":24}},{"start":{"line":65,"column":28},"end":{"line":65,"column":32}}]},"5":{"loc":{"start":{"line":77,"column":6},"end":{"line":83,"column":7}},"type":"if","locations":[{"start":{"line":77,"column":6},"end":{"line":83,"column":7}},{"start":{},"end":{}}]},"6":{"loc":{"start":{"line":93,"column":37},"end":{"line":93,"column":93}},"type":"cond-expr","locations":[{"start":{"line":93,"column":62},"end":{"line":93,"column":75}},{"start":{"line":93,"column":78},"end":{"line":93,"column":93}}]},"7":{"loc":{"start":{"line":113,"column":51},"end":{"line":113,"column":77}},"type":"default-arg","locations":[{"start":{"line":113,"column":72},"end":{"line":113,"column":77}}]},"8":{"loc":{"start":{"line":125,"column":4},"end":{"line":133,"column":5}},"type":"if","locations":[{"start":{"line":125,"column":4},"end":{"line":133,"column":5}},{"start":{"line":128,"column":11},"end":{"line":133,"column":5}}]},"9":{"loc":{"start":{"line":128,"column":11},"end":{"line":133,"column":5}},"type":"if","locations":[{"start":{"line":128,"column":11},"end":{"line":133,"column":5}},{"start":{},"end":{}}]},"10":{"loc":{"start":{"line":128,"column":15},"end":{"line":128,"column":56}},"type":"binary-expr","locations":[{"start":{"line":128,"column":15},"end":{"line":128,"column":39}},{"start":{"line":128,"column":43},"end":{"line":128,"column":56}}]}},"s":{"0":3,"1":3,"2":3,"3":3,"4":36,"5":36,"6":2,"7":34,"8":34,"9":34,"10":0,"11":22,"12":22,"13":2,"14":20,"15":20,"16":17,"17":6,"18":11,"19":3,"20":8,"21":11,"22":57,"23":54,"24":3,"25":1,"26":3,"27":3},"f":{"0":36,"1":22,"2":8,"3":11,"4":57,"5":3},"b":{"0":[2,34],"1":[36,35],"2":[0,0],"3":[2,20],"4":[22,21],"5":[6,11],"6":[3,0],"7":[7],"8":[54,3],"9":[1,2],"10":[3,2]}}
,"/Users/lunar/Sites/react-native-secure/health-log-app/src/services/KeyManager.ts": {"path":"/Users/lunar/Sites/react-native-secure/health-log-app/src/services/KeyManager.ts","statementMap":{"0":{"start":{"line":1,"column":0},"end":{"line":1,"column":49}},"1":{"start":{"line":2,"column":0},"end":{"line":2,"column":56}},"2":{"start":{"line":15,"column":44},"end":{"line":15,"column":66}},"3":{"start":{"line":16,"column":39},"end":{"line":16,"column":62}},"4":{"start":{"line":17,"column":37},"end":{"line":17,"column":54}},"5":{"start":{"line":25,"column":4},"end":{"line":49,"column":5}},"6":{"start":{"line":26,"column":6},"end":{"line":31,"column":7}},"7":{"start":{"line":27,"column":8},"end":{"line":30,"column":10}},"8":{"start":{"line":34,"column":28},"end":{"line":34,"column":59}},"9":{"start":{"line":37,"column":22},"end":{"line":37,"column":56}},"10":{"start":{"line":38,"column":6},"end":{"line":38,"column":61}},"11":{"start":{"line":40,"column":6},"end":{"line":43,"column":8}},"12":{"start":{"line":45,"column":6},"end":{"line":48,"column":8}},"13":{"start":{"line":58,"column":4},"end":{"line":85,"column":5}},"14":{"start":{"line":59,"column":6},"end":{"line":64,"column":7}},"15":{"start":{"line":60,"column":8},"end":{"line":63,"column":10}},"16":{"start":{"line":66,"column":22},"end":{"line":66,"column":56}},"17":{"start":{"line":67,"column":18},"end":{"line":67,"column":57}},"18":{"start":{"line":69,"column":6},"end":{"line":74,"column":7}},"19":{"start":{"line":70,"column":8},"end":{"line":73,"column":10}},"20":{"start":{"line":76,"column":6},"end":{"line":79,"column":8}},"21":{"start":{"line":81,"column":6},"end":{"line":84,"column":8}},"22":{"start":{"line":95,"column":4},"end":{"line":126,"column":5}},"23":{"start":{"line":96,"column":6},"end":{"line":101,"column":7}},"24":{"start":{"line":97,"column":8},"end":{"line":100,"column":10}},"25":{"start":{"line":104,"column":17},"end":{"line":104,"column":77}},"26":{"start":{"line":105,"column":6},"end":{"line":108,"column":7}},"27":{"start":{"line":106,"column":8},"end":{"line":106,"column":47}},"28":{"start":{"line":107,"column":8},"end":{"line":107,"column":75}},"29":{"start":{"line":111,"column":25},"end":{"line":111,"column":75}},"30":{"start":{"line":114,"column":22},"end":{"line":114,"column":56}},"31":{"start":{"line":115,"column":6},"end":{"line":115,"column":58}},"32":{"start":{"line":117,"column":6},"end":{"line":120,"column":8}},"33":{"start":{"line":122,"column":6},"end":{"line":125,"column":8}},"34":{"start":{"line":135,"column":4},"end":{"line":155,"column":5}},"35":{"start":{"line":136,"column":6},"end":{"line":141,"column":7}},"36":{"start":{"line":137,"column":8},"end":{"line":140,"column":10}},"37":{"start":{"line":143,"column":22},"end":{"line":143,"column":56}},"38":{"start":{"line":144,"column":23},"end":{"line":144,"column":51}},"39":{"start":{"line":146,"column":6},"end":{"line":146,"column":49}},"40":{"start":{"line":147,"column":6},"end":{"line":147,"column":50}},"41":{"start":{"line":149,"column":6},"end":{"line":149,"column":31}},"42":{"start":{"line":151,"column":6},"end":{"line":154,"column":8}},"43":{"start":{"line":164,"column":4},"end":{"line":172,"column":5}},"44":{"start":{"line":165,"column":6},"end":{"line":165,"column":32}},"45":{"start":{"line":165,"column":19},"end":{"line":165,"column":32}},"46":{"start":{"line":167,"column":22},"end":{"line":167,"column":56}},"47":{"start":{"line":168,"column":18},"end":{"line":168,"column":57}},"48":{"start":{"line":169,"column":6},"end":{"line":169,"column":26}},"49":{"start":{"line":171,"column":6},"end":{"line":171,"column":19}},"50":{"start":{"line":186,"column":4},"end":{"line":222,"column":5}},"51":{"start":{"line":187,"column":6},"end":{"line":192,"column":7}},"52":{"start":{"line":188,"column":8},"end":{"line":191,"column":10}},"53":{"start":{"line":195,"column":31},"end":{"line":195,"column":60}},"54":{"start":{"line":196,"column":6},"end":{"line":201,"column":7}},"55":{"start":{"line":197,"column":8},"end":{"line":200,"column":10}},"56":{"start":{"line":204,"column":27},"end":{"line":204,"column":69}},"57":{"start":{"line":205,"column":6},"end":{"line":210,"column":7}},"58":{"start":{"line":206,"column":8},"end":{"line":209,"column":10}},"59":{"start":{"line":212,"column":6},"end":{"line":216,"column":8}},"60":{"start":{"line":218,"column":6},"end":{"line":221,"column":8}},"61":{"start":{"line":230,"column":4},"end":{"line":234,"column":5}},"62":{"start":{"line":231,"column":6},"end":{"line":231,"column":50}},"63":{"start":{"line":233,"column":6},"end":{"line":233,"column":19}},"64":{"start":{"line":14,"column":0},"end":{"line":14,"column":13}}},"fnMap":{"0":{"name":"(anonymous_9)","decl":{"start":{"line":24,"column":2},"end":{"line":24,"column":8}},"loc":{"start":{"line":24,"column":53},"end":{"line":50,"column":3}}},"1":{"name":"(anonymous_10)","decl":{"start":{"line":57,"column":2},"end":{"line":57,"column":8}},"loc":{"start":{"line":57,"column":40},"end":{"line":86,"column":3}}},"2":{"name":"(anonymous_11)","decl":{"start":{"line":94,"column":2},"end":{"line":94,"column":8}},"loc":{"start":{"line":94,"column":77},"end":{"line":127,"column":3}}},"3":{"name":"(anonymous_12)","decl":{"start":{"line":134,"column":2},"end":{"line":134,"column":8}},"loc":{"start":{"line":134,"column":43},"end":{"line":156,"column":3}}},"4":{"name":"(anonymous_13)","decl":{"start":{"line":163,"column":2},"end":{"line":163,"column":8}},"loc":{"start":{"line":163,"column":40},"end":{"line":173,"column":3}}},"5":{"name":"(anonymous_14)","decl":{"start":{"line":180,"column":2},"end":{"line":180,"column":8}},"loc":{"start":{"line":180,"column":43},"end":{"line":223,"column":3}}},"6":{"name":"(anonymous_15)","decl":{"start":{"line":229,"column":2},"end":{"line":229,"column":8}},"loc":{"start":{"line":229,"column":37},"end":{"line":235,"column":3}}}},"branchMap":{"0":{"loc":{"start":{"line":26,"column":6},"end":{"line":31,"column":7}},"type":"if","locations":[{"start":{"line":26,"column":6},"end":{"line":31,"column":7}},{"start":{},"end":{}}]},"1":{"loc":{"start":{"line":47,"column":57},"end":{"line":47,"column":113}},"type":"cond-expr","locations":[{"start":{"line":47,"column":82},"end":{"line":47,"column":95}},{"start":{"line":47,"column":98},"end":{"line":47,"column":113}}]},"2":{"loc":{"start":{"line":59,"column":6},"end":{"line":64,"column":7}},"type":"if","locations":[{"start":{"line":59,"column":6},"end":{"line":64,"column":7}},{"start":{},"end":{}}]},"3":{"loc":{"start":{"line":69,"column":6},"end":{"line":74,"column":7}},"type":"if","locations":[{"start":{"line":69,"column":6},"end":{"line":74,"column":7}},{"start":{},"end":{}}]},"4":{"loc":{"start":{"line":83,"column":47},"end":{"line":83,"column":103}},"type":"cond-expr","locations":[{"start":{"line":83,"column":72},"end":{"line":83,"column":85}},{"start":{"line":83,"column":88},"end":{"line":83,"column":103}}]},"5":{"loc":{"start":{"line":96,"column":6},"end":{"line":101,"column":7}},"type":"if","locations":[{"start":{"line":96,"column":6},"end":{"line":101,"column":7}},{"start":{},"end":{}}]},"6":{"loc":{"start":{"line":96,"column":10},"end":{"line":96,"column":30}},"type":"binary-expr","locations":[{"start":{"line":96,"column":10},"end":{"line":96,"column":17}},{"start":{"line":96,"column":21},"end":{"line":96,"column":30}}]},"7":{"loc":{"start":{"line":105,"column":6},"end":{"line":108,"column":7}},"type":"if","locations":[{"start":{"line":105,"column":6},"end":{"line":108,"column":7}},{"start":{},"end":{}}]},"8":{"loc":{"start":{"line":124,"column":50},"end":{"line":124,"column":106}},"type":"cond-expr","locations":[{"start":{"line":124,"column":75},"end":{"line":124,"column":88}},{"start":{"line":124,"column":91},"end":{"line":124,"column":106}}]},"9":{"loc":{"start":{"line":136,"column":6},"end":{"line":141,"column":7}},"type":"if","locations":[{"start":{"line":136,"column":6},"end":{"line":141,"column":7}},{"start":{},"end":{}}]},"10":{"loc":{"start":{"line":153,"column":45},"end":{"line":153,"column":101}},"type":"cond-expr","locations":[{"start":{"line":153,"column":70},"end":{"line":153,"column":83}},{"start":{"line":153,"column":86},"end":{"line":153,"column":101}}]},"11":{"loc":{"start":{"line":165,"column":6},"end":{"line":165,"column":32}},"type":"if","locations":[{"start":{"line":165,"column":6},"end":{"line":165,"column":32}},{"start":{},"end":{}}]},"12":{"loc":{"start":{"line":187,"column":6},"end":{"line":192,"column":7}},"type":"if","locations":[{"start":{"line":187,"column":6},"end":{"line":192,"column":7}},{"start":{},"end":{}}]},"13":{"loc":{"start":{"line":196,"column":6},"end":{"line":201,"column":7}},"type":"if","locations":[{"start":{"line":196,"column":6},"end":{"line":201,"column":7}},{"start":{},"end":{}}]},"14":{"loc":{"start":{"line":205,"column":6},"end":{"line":210,"column":7}},"type":"if","locations":[{"start":{"line":205,"column":6},"end":{"line":210,"column":7}},{"start":{},"end":{}}]},"15":{"loc":{"start":{"line":220,"column":39},"end":{"line":220,"column":95}},"type":"cond-expr","locations":[{"start":{"line":220,"column":64},"end":{"line":220,"column":77}},{"start":{"line":220,"column":80},"end":{"line":220,"column":95}}]}},"s":{"0":2,"1":2,"2":2,"3":2,"4":2,"5":5,"6":5,"7":1,"8":4,"9":4,"10":4,"11":2,"12":2,"13":32,"14":32,"15":1,"16":31,"17":31,"18":28,"19":5,"20":23,"21":3,"22":5,"23":5,"24":2,"25":3,"26":2,"27":1,"28":1,"29":2,"30":2,"31":2,"32":2,"33":1,"34":3,"35":3,"36":1,"37":2,"38":2,"39":2,"40":1,"41":1,"42":1,"43":4,"44":4,"45":1,"46":3,"47":3,"48":2,"49":1,"50":4,"51":4,"52":1,"53":3,"54":3,"55":1,"56":2,"57":2,"58":1,"59":1,"60":0,"61":3,"62":3,"63":1,"64":2},"f":{"0":5,"1":32,"2":5,"3":3,"4":4,"5":4,"6":3},"b":{"0":[1,4],"1":[2,0],"2":[1,31],"3":[5,23],"4":[3,0],"5":[2,3],"6":[5,4],"7":[1,1],"8":[1,0],"9":[1,2],"10":[1,0],"11":[1,3],"12":[1,3],"13":[1,2],"14":[1,1],"15":[0,0]}}
,"/Users/lunar/Sites/react-native-secure/health-log-app/src/utils/SecureStorage.ts": {"path":"/Users/lunar/Sites/react-native-secure/health-log-app/src/utils/SecureStorage.ts","statementMap":{"0":{"start":{"line":1,"column":0},"end":{"line":1,"column":102}},"1":{"start":{"line":2,"column":0},"end":{"line":2,"column":52}},"2":{"start":{"line":22,"column":4},"end":{"line":65,"column":5}},"3":{"start":{"line":23,"column":6},"end":{"line":28,"column":7}},"4":{"start":{"line":24,"column":8},"end":{"line":27,"column":10}},"5":{"start":{"line":31,"column":24},"end":{"line":31,"column":59}},"6":{"start":{"line":32,"column":6},"end":{"line":37,"column":7}},"7":{"start":{"line":33,"column":8},"end":{"line":36,"column":10}},"8":{"start":{"line":40,"column":23},"end":{"line":40,"column":43}},"9":{"start":{"line":43,"column":49},"end":{"line":43,"column":99}},"10":{"start":{"line":45,"column":6},"end":{"line":50,"column":7}},"11":{"start":{"line":46,"column":8},"end":{"line":49,"column":10}},"12":{"start":{"line":53,"column":6},"end":{"line":53,"column":58}},"13":{"start":{"line":54,"column":6},"end":{"line":54,"column":53}},"14":{"start":{"line":56,"column":6},"end":{"line":59,"column":8}},"15":{"start":{"line":61,"column":6},"end":{"line":64,"column":8}},"16":{"start":{"line":75,"column":4},"end":{"line":131,"column":5}},"17":{"start":{"line":76,"column":6},"end":{"line":81,"column":7}},"18":{"start":{"line":77,"column":8},"end":{"line":80,"column":10}},"19":{"start":{"line":84,"column":24},"end":{"line":84,"column":59}},"20":{"start":{"line":85,"column":6},"end":{"line":90,"column":7}},"21":{"start":{"line":86,"column":8},"end":{"line":89,"column":10}},"22":{"start":{"line":93,"column":49},"end":{"line":93,"column":104}},"23":{"start":{"line":95,"column":6},"end":{"line":102,"column":7}},"24":{"start":{"line":97,"column":8},"end":{"line":97,"column":60}},"25":{"start":{"line":98,"column":8},"end":{"line":101,"column":10}},"26":{"start":{"line":106,"column":6},"end":{"line":116,"column":7}},"27":{"start":{"line":107,"column":8},"end":{"line":107,"column":64}},"28":{"start":{"line":110,"column":8},"end":{"line":110,"column":60}},"29":{"start":{"line":111,"column":8},"end":{"line":111,"column":77}},"30":{"start":{"line":112,"column":8},"end":{"line":115,"column":10}},"31":{"start":{"line":119,"column":6},"end":{"line":119,"column":58}},"32":{"start":{"line":120,"column":6},"end":{"line":120,"column":75}},"33":{"start":{"line":122,"column":6},"end":{"line":125,"column":8}},"34":{"start":{"line":127,"column":6},"end":{"line":130,"column":8}},"35":{"start":{"line":141,"column":4},"end":{"line":174,"column":5}},"36":{"start":{"line":142,"column":6},"end":{"line":147,"column":7}},"37":{"start":{"line":143,"column":8},"end":{"line":146,"column":10}},"38":{"start":{"line":150,"column":23},"end":{"line":150,"column":43}},"39":{"start":{"line":153,"column":49},"end":{"line":153,"column":99}},"40":{"start":{"line":155,"column":6},"end":{"line":160,"column":7}},"41":{"start":{"line":156,"column":8},"end":{"line":159,"column":10}},"42":{"start":{"line":163,"column":6},"end":{"line":163,"column":53}},"43":{"start":{"line":165,"column":6},"end":{"line":168,"column":8}},"44":{"start":{"line":170,"column":6},"end":{"line":173,"column":8}},"45":{"start":{"line":184,"column":4},"end":{"line":227,"column":5}},"46":{"start":{"line":185,"column":6},"end":{"line":190,"column":7}},"47":{"start":{"line":186,"column":8},"end":{"line":189,"column":10}},"48":{"start":{"line":193,"column":49},"end":{"line":193,"column":104}},"49":{"start":{"line":195,"column":6},"end":{"line":200,"column":7}},"50":{"start":{"line":196,"column":8},"end":{"line":199,"column":10}},"51":{"start":{"line":204,"column":6},"end":{"line":213,"column":7}},"52":{"start":{"line":205,"column":8},"end":{"line":205,"column":64}},"53":{"start":{"line":208,"column":8},"end":{"line":208,"column":77}},"54":{"start":{"line":209,"column":8},"end":{"line":212,"column":10}},"55":{"start":{"line":216,"column":6},"end":{"line":216,"column":75}},"56":{"start":{"line":218,"column":6},"end":{"line":221,"column":8}},"57":{"start":{"line":223,"column":6},"end":{"line":226,"column":8}},"58":{"start":{"line":237,"column":4},"end":{"line":242,"column":5}},"59":{"start":{"line":238,"column":21},"end":{"line":238,"column":73}},"60":{"start":{"line":239,"column":6},"end":{"line":239,"column":28}},"61":{"start":{"line":241,"column":6},"end":{"line":241,"column":19}},"62":{"start":{"line":258,"column":4},"end":{"line":298,"column":5}},"63":{"start":{"line":259,"column":6},"end":{"line":264,"column":7}},"64":{"start":{"line":260,"column":8},"end":{"line":263,"column":10}},"65":{"start":{"line":267,"column":28},"end":{"line":267,"column":76}},"66":{"start":{"line":268,"column":6},"end":{"line":273,"column":7}},"67":{"start":{"line":269,"column":8},"end":{"line":272,"column":10}},"68":{"start":{"line":276,"column":28},"end":{"line":276,"column":90}},"69":{"start":{"line":277,"column":6},"end":{"line":284,"column":7}},"70":{"start":{"line":279,"column":8},"end":{"line":279,"column":74}},"71":{"start":{"line":280,"column":8},"end":{"line":283,"column":10}},"72":{"start":{"line":287,"column":6},"end":{"line":287,"column":72}},"73":{"start":{"line":289,"column":6},"end":{"line":292,"column":8}},"74":{"start":{"line":294,"column":6},"end":{"line":297,"column":8}},"75":{"start":{"line":14,"column":0},"end":{"line":14,"column":13}}},"fnMap":{"0":{"name":"(anonymous_0)","decl":{"start":{"line":21,"column":2},"end":{"line":21,"column":8}},"loc":{"start":{"line":21,"column":57},"end":{"line":66,"column":3}}},"1":{"name":"(anonymous_1)","decl":{"start":{"line":74,"column":2},"end":{"line":74,"column":8}},"loc":{"start":{"line":74,"column":74},"end":{"line":132,"column":3}}},"2":{"name":"(anonymous_2)","decl":{"start":{"line":140,"column":2},"end":{"line":140,"column":8}},"loc":{"start":{"line":140,"column":57},"end":{"line":175,"column":3}}},"3":{"name":"(anonymous_3)","decl":{"start":{"line":183,"column":2},"end":{"line":183,"column":8}},"loc":{"start":{"line":183,"column":71},"end":{"line":228,"column":3}}},"4":{"name":"(anonymous_4)","decl":{"start":{"line":236,"column":2},"end":{"line":236,"column":8}},"loc":{"start":{"line":236,"column":74},"end":{"line":243,"column":3}}},"5":{"name":"(anonymous_5)","decl":{"start":{"line":253,"column":2},"end":{"line":253,"column":8}},"loc":{"start":{"line":256,"column":18},"end":{"line":299,"column":3}}}},"branchMap":{"0":{"loc":{"start":{"line":23,"column":6},"end":{"line":28,"column":7}},"type":"if","locations":[{"start":{"line":23,"column":6},"end":{"line":28,"column":7}},{"start":{},"end":{}}]},"1":{"loc":{"start":{"line":23,"column":10},"end":{"line":23,"column":56}},"type":"binary-expr","locations":[{"start":{"line":23,"column":10},"end":{"line":23,"column":17}},{"start":{"line":23,"column":21},"end":{"line":23,"column":39}},{"start":{"line":23,"column":43},"end":{"line":23,"column":56}}]},"2":{"loc":{"start":{"line":32,"column":6},"end":{"line":37,"column":7}},"type":"if","locations":[{"start":{"line":32,"column":6},"end":{"line":37,"column":7}},{"start":{},"end":{}}]},"3":{"loc":{"start":{"line":32,"column":10},"end":{"line":32,"column":46}},"type":"binary-expr","locations":[{"start":{"line":32,"column":10},"end":{"line":32,"column":28}},{"start":{"line":32,"column":32},"end":{"line":32,"column":46}}]},"4":{"loc":{"start":{"line":45,"column":6},"end":{"line":50,"column":7}},"type":"if","locations":[{"start":{"line":45,"column":6},"end":{"line":50,"column":7}},{"start":{},"end":{}}]},"5":{"loc":{"start":{"line":48,"column":17},"end":{"line":48,"column":62}},"type":"binary-expr","locations":[{"start":{"line":48,"column":17},"end":{"line":48,"column":39}},{"start":{"line":48,"column":43},"end":{"line":48,"column":62}}]},"6":{"loc":{"start":{"line":63,"column":41},"end":{"line":63,"column":97}},"type":"cond-expr","locations":[{"start":{"line":63,"column":66},"end":{"line":63,"column":79}},{"start":{"line":63,"column":82},"end":{"line":63,"column":97}}]},"7":{"loc":{"start":{"line":76,"column":6},"end":{"line":81,"column":7}},"type":"if","locations":[{"start":{"line":76,"column":6},"end":{"line":81,"column":7}},{"start":{},"end":{}}]},"8":{"loc":{"start":{"line":76,"column":10},"end":{"line":76,"column":35}},"type":"binary-expr","locations":[{"start":{"line":76,"column":10},"end":{"line":76,"column":17}},{"start":{"line":76,"column":21},"end":{"line":76,"column":35}}]},"9":{"loc":{"start":{"line":85,"column":6},"end":{"line":90,"column":7}},"type":"if","locations":[{"start":{"line":85,"column":6},"end":{"line":90,"column":7}},{"start":{},"end":{}}]},"10":{"loc":{"start":{"line":85,"column":10},"end":{"line":85,"column":46}},"type":"binary-expr","locations":[{"start":{"line":85,"column":10},"end":{"line":85,"column":28}},{"start":{"line":85,"column":32},"end":{"line":85,"column":46}}]},"11":{"loc":{"start":{"line":95,"column":6},"end":{"line":102,"column":7}},"type":"if","locations":[{"start":{"line":95,"column":6},"end":{"line":102,"column":7}},{"start":{},"end":{}}]},"12":{"loc":{"start":{"line":100,"column":17},"end":{"line":100,"column":62}},"type":"binary-expr","locations":[{"start":{"line":100,"column":17},"end":{"line":100,"column":39}},{"start":{"line":100,"column":43},"end":{"line":100,"column":62}}]},"13":{"loc":{"start":{"line":129,"column":43},"end":{"line":129,"column":99}},"type":"cond-expr","locations":[{"start":{"line":129,"column":68},"end":{"line":129,"column":81}},{"start":{"line":129,"column":84},"end":{"line":129,"column":99}}]},"14":{"loc":{"start":{"line":142,"column":6},"end":{"line":147,"column":7}},"type":"if","locations":[{"start":{"line":142,"column":6},"end":{"line":147,"column":7}},{"start":{},"end":{}}]},"15":{"loc":{"start":{"line":142,"column":10},"end":{"line":142,"column":63}},"type":"binary-expr","locations":[{"start":{"line":142,"column":10},"end":{"line":142,"column":28}},{"start":{"line":142,"column":32},"end":{"line":142,"column":45}},{"start":{"line":142,"column":49},"end":{"line":142,"column":63}}]},"16":{"loc":{"start":{"line":155,"column":6},"end":{"line":160,"column":7}},"type":"if","locations":[{"start":{"line":155,"column":6},"end":{"line":160,"column":7}},{"start":{},"end":{}}]},"17":{"loc":{"start":{"line":158,"column":17},"end":{"line":158,"column":62}},"type":"binary-expr","locations":[{"start":{"line":158,"column":17},"end":{"line":158,"column":39}},{"start":{"line":158,"column":43},"end":{"line":158,"column":62}}]},"18":{"loc":{"start":{"line":172,"column":46},"end":{"line":172,"column":102}},"type":"cond-expr","locations":[{"start":{"line":172,"column":71},"end":{"line":172,"column":84}},{"start":{"line":172,"column":87},"end":{"line":172,"column":102}}]},"19":{"loc":{"start":{"line":185,"column":6},"end":{"line":190,"column":7}},"type":"if","locations":[{"start":{"line":185,"column":6},"end":{"line":190,"column":7}},{"start":{},"end":{}}]},"20":{"loc":{"start":{"line":185,"column":10},"end":{"line":185,"column":42}},"type":"binary-expr","locations":[{"start":{"line":185,"column":10},"end":{"line":185,"column":24}},{"start":{"line":185,"column":28},"end":{"line":185,"column":42}}]},"21":{"loc":{"start":{"line":195,"column":6},"end":{"line":200,"column":7}},"type":"if","locations":[{"start":{"line":195,"column":6},"end":{"line":200,"column":7}},{"start":{},"end":{}}]},"22":{"loc":{"start":{"line":198,"column":17},"end":{"line":198,"column":62}},"type":"binary-expr","locations":[{"start":{"line":198,"column":17},"end":{"line":198,"column":39}},{"start":{"line":198,"column":43},"end":{"line":198,"column":62}}]},"23":{"loc":{"start":{"line":225,"column":46},"end":{"line":225,"column":102}},"type":"cond-expr","locations":[{"start":{"line":225,"column":71},"end":{"line":225,"column":84}},{"start":{"line":225,"column":87},"end":{"line":225,"column":102}}]},"24":{"loc":{"start":{"line":259,"column":6},"end":{"line":264,"column":7}},"type":"if","locations":[{"start":{"line":259,"column":6},"end":{"line":264,"column":7}},{"start":{},"end":{}}]},"25":{"loc":{"start":{"line":259,"column":10},"end":{"line":259,"column":46}},"type":"binary-expr","locations":[{"start":{"line":259,"column":10},"end":{"line":259,"column":24}},{"start":{"line":259,"column":28},"end":{"line":259,"column":35}},{"start":{"line":259,"column":39},"end":{"line":259,"column":46}}]},"26":{"loc":{"start":{"line":268,"column":6},"end":{"line":273,"column":7}},"type":"if","locations":[{"start":{"line":268,"column":6},"end":{"line":273,"column":7}},{"start":{},"end":{}}]},"27":{"loc":{"start":{"line":277,"column":6},"end":{"line":284,"column":7}},"type":"if","locations":[{"start":{"line":277,"column":6},"end":{"line":284,"column":7}},{"start":{},"end":{}}]},"28":{"loc":{"start":{"line":296,"column":40},"end":{"line":296,"column":96}},"type":"cond-expr","locations":[{"start":{"line":296,"column":65},"end":{"line":296,"column":78}},{"start":{"line":296,"column":81},"end":{"line":296,"column":96}}]}},"s":{"0":1,"1":1,"2":18,"3":18,"4":3,"5":15,"6":15,"7":2,"8":13,"9":13,"10":13,"11":0,"12":13,"13":13,"14":13,"15":0,"16":12,"17":12,"18":2,"19":10,"20":10,"21":3,"22":7,"23":7,"24":3,"25":3,"26":4,"27":4,"28":0,"29":0,"30":0,"31":4,"32":4,"33":4,"34":0,"35":15,"36":15,"37":3,"38":12,"39":12,"40":12,"41":0,"42":12,"43":12,"44":0,"45":6,"46":6,"47":2,"48":4,"49":4,"50":2,"51":2,"52":2,"53":0,"54":0,"55":2,"56":2,"57":0,"58":4,"59":4,"60":4,"61":0,"62":6,"63":6,"64":3,"65":3,"66":3,"67":2,"68":1,"69":1,"70":0,"71":0,"72":1,"73":1,"74":0,"75":1},"f":{"0":18,"1":12,"2":15,"3":6,"4":4,"5":6},"b":{"0":[3,15],"1":[18,17,16],"2":[2,13],"3":[15,13],"4":[0,13],"5":[0,0],"6":[0,0],"7":[2,10],"8":[12,11],"9":[3,7],"10":[10,7],"11":[3,4],"12":[3,0],"13":[0,0],"14":[3,12],"15":[15,14,13],"16":[0,12],"17":[0,0],"18":[0,0],"19":[2,4],"20":[6,5],"21":[2,2],"22":[2,0],"23":[0,0],"24":[3,3],"25":[6,5,4],"26":[2,1],"27":[0,1],"28":[0,0]}}
}
