TN:
SF:src/services/EncryptionService.ts
FN:30,(anonymous_1)
FN:63,(anonymous_2)
FN:102,(anonymous_3)
FN:113,(anonymous_4)
FN:124,(anonymous_5)
FN:130,(anonymous_6)
FNF:6
FNH:6
FNDA:36,(anonymous_1)
FNDA:22,(anonymous_2)
FNDA:8,(anonymous_3)
FNDA:11,(anonymous_4)
FNDA:57,(anonymous_5)
FNDA:3,(anonymous_6)
DA:1,3
DA:19,3
DA:20,3
DA:21,3
DA:22,3
DA:31,36
DA:32,36
DA:33,2
DA:41,34
DA:42,34
DA:44,34
DA:49,0
DA:64,22
DA:65,22
DA:66,2
DA:74,20
DA:75,20
DA:77,17
DA:78,6
DA:85,11
DA:90,3
DA:103,8
DA:114,11
DA:125,57
DA:127,54
DA:128,3
DA:130,1
DA:131,3
LF:28
LH:27
BRDA:32,0,0,2
BRDA:32,0,1,34
BRDA:32,1,0,36
BRDA:32,1,1,35
BRDA:52,2,0,0
BRDA:52,2,1,0
BRDA:65,3,0,2
BRDA:65,3,1,20
BRDA:65,4,0,22
BRDA:65,4,1,21
BRDA:77,5,0,6
BRDA:77,5,1,11
BRDA:93,6,0,3
BRDA:93,6,1,0
BRDA:113,7,0,7
BRDA:125,8,0,54
BRDA:125,8,1,3
BRDA:128,9,0,1
BRDA:128,9,1,2
BRDA:128,10,0,3
BRDA:128,10,1,2
BRF:21
BRH:18
end_of_record
TN:
SF:src/services/KeyManager.ts
FN:24,(anonymous_9)
FN:57,(anonymous_10)
FN:94,(anonymous_11)
FN:134,(anonymous_12)
FN:163,(anonymous_13)
FN:180,(anonymous_14)
FN:229,(anonymous_15)
FNF:7
FNH:7
FNDA:5,(anonymous_9)
FNDA:32,(anonymous_10)
FNDA:5,(anonymous_11)
FNDA:3,(anonymous_12)
FNDA:4,(anonymous_13)
FNDA:4,(anonymous_14)
FNDA:3,(anonymous_15)
DA:1,2
DA:2,2
DA:14,2
DA:15,2
DA:16,2
DA:17,2
DA:25,5
DA:26,5
DA:27,1
DA:34,4
DA:37,4
DA:38,4
DA:40,2
DA:45,2
DA:58,32
DA:59,32
DA:60,1
DA:66,31
DA:67,31
DA:69,28
DA:70,5
DA:76,23
DA:81,3
DA:95,5
DA:96,5
DA:97,2
DA:104,3
DA:105,2
DA:106,1
DA:107,1
DA:111,2
DA:114,2
DA:115,2
DA:117,2
DA:122,1
DA:135,3
DA:136,3
DA:137,1
DA:143,2
DA:144,2
DA:146,2
DA:147,1
DA:149,1
DA:151,1
DA:164,4
DA:165,4
DA:167,3
DA:168,3
DA:169,2
DA:171,1
DA:186,4
DA:187,4
DA:188,1
DA:195,3
DA:196,3
DA:197,1
DA:204,2
DA:205,2
DA:206,1
DA:212,1
DA:218,0
DA:230,3
DA:231,3
DA:233,1
LF:64
LH:63
BRDA:26,0,0,1
BRDA:26,0,1,4
BRDA:47,1,0,2
BRDA:47,1,1,0
BRDA:59,2,0,1
BRDA:59,2,1,31
BRDA:69,3,0,5
BRDA:69,3,1,23
BRDA:83,4,0,3
BRDA:83,4,1,0
BRDA:96,5,0,2
BRDA:96,5,1,3
BRDA:96,6,0,5
BRDA:96,6,1,4
BRDA:105,7,0,1
BRDA:105,7,1,1
BRDA:124,8,0,1
BRDA:124,8,1,0
BRDA:136,9,0,1
BRDA:136,9,1,2
BRDA:153,10,0,1
BRDA:153,10,1,0
BRDA:165,11,0,1
BRDA:165,11,1,3
BRDA:187,12,0,1
BRDA:187,12,1,3
BRDA:196,13,0,1
BRDA:196,13,1,2
BRDA:205,14,0,1
BRDA:205,14,1,1
BRDA:220,15,0,0
BRDA:220,15,1,0
BRF:32
BRH:26
end_of_record
TN:
SF:src/utils/SecureStorage.ts
FN:21,(anonymous_0)
FN:74,(anonymous_1)
FN:140,(anonymous_2)
FN:183,(anonymous_3)
FN:236,(anonymous_4)
FN:253,(anonymous_5)
FNF:6
FNH:6
FNDA:18,(anonymous_0)
FNDA:12,(anonymous_1)
FNDA:15,(anonymous_2)
FNDA:6,(anonymous_3)
FNDA:4,(anonymous_4)
FNDA:6,(anonymous_5)
DA:1,1
DA:2,1
DA:14,1
DA:22,18
DA:23,18
DA:24,3
DA:31,15
DA:32,15
DA:33,2
DA:40,13
DA:43,13
DA:45,13
DA:46,0
DA:53,13
DA:54,13
DA:56,13
DA:61,0
DA:75,12
DA:76,12
DA:77,2
DA:84,10
DA:85,10
DA:86,3
DA:93,7
DA:95,7
DA:97,3
DA:98,3
DA:106,4
DA:107,4
DA:110,0
DA:111,0
DA:112,0
DA:119,4
DA:120,4
DA:122,4
DA:127,0
DA:141,15
DA:142,15
DA:143,3
DA:150,12
DA:153,12
DA:155,12
DA:156,0
DA:163,12
DA:165,12
DA:170,0
DA:184,6
DA:185,6
DA:186,2
DA:193,4
DA:195,4
DA:196,2
DA:204,2
DA:205,2
DA:208,0
DA:209,0
DA:216,2
DA:218,2
DA:223,0
DA:237,4
DA:238,4
DA:239,4
DA:241,0
DA:258,6
DA:259,6
DA:260,3
DA:267,3
DA:268,3
DA:269,2
DA:276,1
DA:277,1
DA:279,0
DA:280,0
DA:287,1
DA:289,1
DA:294,0
LF:76
LH:61
BRDA:23,0,0,3
BRDA:23,0,1,15
BRDA:23,1,0,18
BRDA:23,1,1,17
BRDA:23,1,2,16
BRDA:32,2,0,2
BRDA:32,2,1,13
BRDA:32,3,0,15
BRDA:32,3,1,13
BRDA:45,4,0,0
BRDA:45,4,1,13
BRDA:48,5,0,0
BRDA:48,5,1,0
BRDA:63,6,0,0
BRDA:63,6,1,0
BRDA:76,7,0,2
BRDA:76,7,1,10
BRDA:76,8,0,12
BRDA:76,8,1,11
BRDA:85,9,0,3
BRDA:85,9,1,7
BRDA:85,10,0,10
BRDA:85,10,1,7
BRDA:95,11,0,3
BRDA:95,11,1,4
BRDA:100,12,0,3
BRDA:100,12,1,0
BRDA:129,13,0,0
BRDA:129,13,1,0
BRDA:142,14,0,3
BRDA:142,14,1,12
BRDA:142,15,0,15
BRDA:142,15,1,14
BRDA:142,15,2,13
BRDA:155,16,0,0
BRDA:155,16,1,12
BRDA:158,17,0,0
BRDA:158,17,1,0
BRDA:172,18,0,0
BRDA:172,18,1,0
BRDA:185,19,0,2
BRDA:185,19,1,4
BRDA:185,20,0,6
BRDA:185,20,1,5
BRDA:195,21,0,2
BRDA:195,21,1,2
BRDA:198,22,0,2
BRDA:198,22,1,0
BRDA:225,23,0,0
BRDA:225,23,1,0
BRDA:259,24,0,3
BRDA:259,24,1,3
BRDA:259,25,0,6
BRDA:259,25,1,5
BRDA:259,25,2,4
BRDA:268,26,0,2
BRDA:268,26,1,1
BRDA:277,27,0,0
BRDA:277,27,1,1
BRDA:296,28,0,0
BRDA:296,28,1,0
BRF:61
BRH:42
end_of_record
